Initializing model to count parameters...

========================================
 TOTAL TRAINABLE PARAMETERS: 1,570,230
========================================
jax.errors.SimplifiedTraceback: For simplicity, JAX has removed its internal frames from the traceback of the following exception. Set JAX_TRACEBACK_FILTERING=off to include these.

The above exception was the direct cause of the following exception:

Traceback (most recent call last):
  File "/home/maytus/miniconda3/envs/robot/lib/python3.10/runpy.py", line 196, in _run_module_as_main
    return _run_code(code, main_globals, None,
  File "/home/maytus/miniconda3/envs/robot/lib/python3.10/runpy.py", line 86, in _run_code
    exec(code, run_globals)
  File "/home/maytus/MA-Craftax-Ox/baselines/ippo_rmt.py", line 583, in <module>
    main()
  File "/home/maytus/MA-Craftax-Ox/baselines/ippo_rmt.py", line 579, in main
    single_run(config)
  File "/home/maytus/MA-Craftax-Ox/baselines/ippo_rmt.py", line 568, in single_run
    outs = jax.block_until_ready(train_vjit(rngs))
jaxlib._jax.XlaRuntimeError: INTERNAL: CpuCallback error calling callback: Traceback (most recent call last):
  File "/home/maytus/miniconda3/envs/robot/lib/python3.10/runpy.py", line 196, in _run_module_as_main
  File "/home/maytus/miniconda3/envs/robot/lib/python3.10/runpy.py", line 86, in _run_code
  File "/home/maytus/MA-Craftax-Ox/baselines/ippo_rmt.py", line 583, in <module>
  File "/home/maytus/MA-Craftax-Ox/baselines/ippo_rmt.py", line 579, in main
  File "/home/maytus/MA-Craftax-Ox/baselines/ippo_rmt.py", line 568, in single_run
  File "/home/maytus/miniconda3/envs/robot/lib/python3.10/site-packages/jax/_src/traceback_util.py", line 182, in reraise_with_filtered_traceback
  File "/home/maytus/miniconda3/envs/robot/lib/python3.10/site-packages/jax/_src/pjit.py", line 292, in cache_miss
  File "/home/maytus/miniconda3/envs/robot/lib/python3.10/site-packages/jax/_src/pjit.py", line 153, in _python_pjit_helper
  File "/home/maytus/miniconda3/envs/robot/lib/python3.10/site-packages/jax/_src/pjit.py", line 1877, in _pjit_call_impl_python
  File "/home/maytus/miniconda3/envs/robot/lib/python3.10/site-packages/jax/_src/profiler.py", line 354, in wrapper
  File "/home/maytus/miniconda3/envs/robot/lib/python3.10/site-packages/jax/_src/interpreters/pxla.py", line 1297, in __call__
  File "/home/maytus/miniconda3/envs/robot/lib/python3.10/site-packages/jax/_src/callback.py", line 781, in _wrapped_callback
KeyboardInterrupt:
