jax.errors.SimplifiedTraceback: For simplicity, JAX has removed its internal frames from the traceback of the following exception. Set JAX_TRACEBACK_FILTERING=off to include these.

The above exception was the direct cause of the following exception:

Traceback (most recent call last):
  File "/home/maytus/miniconda3/envs/robot/lib/python3.10/runpy.py", line 196, in _run_module_as_main
    return _run_code(code, main_globals, None,
  File "/home/maytus/miniconda3/envs/robot/lib/python3.10/runpy.py", line 86, in _run_code
    exec(code, run_globals)
  File "/home/maytus/MA-Craftax-Ox/baselines/ippo_rmt.py", line 563, in <module>
    main()
  File "/home/maytus/MA-Craftax-Ox/baselines/ippo_rmt.py", line 559, in main
    single_run(config)
  File "/home/maytus/MA-Craftax-Ox/baselines/ippo_rmt.py", line 548, in single_run
    outs = jax.block_until_ready(train_vjit(rngs))
  File "/home/maytus/MA-Craftax-Ox/baselines/ippo_rmt.py", line 231, in train
    network_params = network.init(_rng, init_hstate, init_x)
  File "/home/maytus/MA-Craftax-Ox/baselines/ippo_rmt.py", line 153, in __call__
    new_memory, embedding_out = ScannedRMT(config=self.config)(memory, rmt_in)
  File "/home/maytus/miniconda3/envs/robot/lib/python3.10/site-packages/flax/core/axes_scan.py", line 159, in scan_fn
    debug_info = jax.api_util.debug_info("flax scan", broadcast_body,
AttributeError: module 'jax.api_util' has no attribute 'debug_info'
